<?xml version="1.0" encoding="UTF-8"?>
<coverage generated="1762842307845" clover="3.2.0">
  <project timestamp="1762842307845" name="All files">
    <metrics statements="159" coveredstatements="159" conditionals="78" coveredconditionals="78" methods="6" coveredmethods="6" elements="243" coveredelements="243" complexity="0" loc="159" ncloc="159" packages="1" files="1" classes="1"/>
    <file name="profile.controller.ts" path="C:\Users\LEGION\Desktop\University\Year_3\Semester_1\Software_Eng\Project\backend\src\controllers\profile.controller.ts">
      <metrics statements="159" coveredstatements="159" conditionals="78" coveredconditionals="78" methods="6" coveredmethods="6"/>
      <line num="2" count="1" type="stmt"/>
      <line num="3" count="1" type="stmt"/>
      <line num="4" count="1" type="stmt"/>
      <line num="6" count="1" type="stmt"/>
      <line num="7" count="8" type="stmt"/>
      <line num="8" count="8" type="stmt"/>
      <line num="9" count="8" type="stmt"/>
      <line num="11" count="8" type="cond" truecount="2" falsecount="0"/>
      <line num="12" count="1" type="stmt"/>
      <line num="15" count="7" type="cond" truecount="2" falsecount="0"/>
      <line num="16" count="1" type="stmt"/>
      <line num="19" count="6" type="stmt"/>
      <line num="20" count="6" type="cond" truecount="2" falsecount="0"/>
      <line num="21" count="1" type="stmt"/>
      <line num="26" count="5" type="stmt"/>
      <line num="27" count="5" type="cond" truecount="2" falsecount="0"/>
      <line num="28" count="1" type="stmt"/>
      <line num="34" count="4" type="stmt"/>
      <line num="37" count="4" type="stmt"/>
      <line num="45" count="4" type="cond" truecount="2" falsecount="0"/>
      <line num="46" count="1" type="stmt"/>
      <line num="47" count="1" type="stmt"/>
      <line num="51" count="3" type="stmt"/>
      <line num="55" count="3" type="stmt"/>
      <line num="58" count="3" type="stmt"/>
      <line num="76" count="2" type="cond" truecount="2" falsecount="0"/>
      <line num="78" count="1" type="stmt"/>
      <line num="83" count="1" type="stmt"/>
      <line num="90" count="1" type="stmt"/>
      <line num="93" count="2" type="stmt"/>
      <line num="95" count="2" type="stmt"/>
      <line num="112" count="1" type="stmt"/>
      <line num="113" count="1" type="stmt"/>
      <line num="117" count="1" type="stmt"/>
      <line num="118" count="7" type="stmt"/>
      <line num="119" count="7" type="stmt"/>
      <line num="121" count="7" type="cond" truecount="2" falsecount="0"/>
      <line num="122" count="1" type="stmt"/>
      <line num="125" count="6" type="stmt"/>
      <line num="130" count="6" type="cond" truecount="2" falsecount="0"/>
      <line num="131" count="1" type="stmt"/>
      <line num="134" count="5" type="cond" truecount="2" falsecount="0"/>
      <line num="135" count="1" type="stmt"/>
      <line num="140" count="4" type="stmt"/>
      <line num="142" count="4" type="stmt"/>
      <line num="146" count="4" type="cond" truecount="2" falsecount="0"/>
      <line num="147" count="2" type="stmt"/>
      <line num="149" count="2" type="cond" truecount="4" falsecount="0"/>
      <line num="150" count="1" type="stmt"/>
      <line num="155" count="1" type="stmt"/>
      <line num="161" count="2" type="stmt"/>
      <line num="172" count="1" type="stmt"/>
      <line num="174" count="1" type="stmt"/>
      <line num="179" count="1" type="stmt"/>
      <line num="180" count="1" type="stmt"/>
      <line num="184" count="1" type="stmt"/>
      <line num="185" count="9" type="stmt"/>
      <line num="186" count="9" type="stmt"/>
      <line num="187" count="9" type="stmt"/>
      <line num="189" count="9" type="cond" truecount="2" falsecount="0"/>
      <line num="190" count="1" type="stmt"/>
      <line num="193" count="8" type="cond" truecount="2" falsecount="0"/>
      <line num="194" count="1" type="stmt"/>
      <line num="197" count="7" type="stmt"/>
      <line num="202" count="7" type="cond" truecount="2" falsecount="0"/>
      <line num="203" count="1" type="stmt"/>
      <line num="208" count="6" type="stmt"/>
      <line num="209" count="6" type="cond" truecount="2" falsecount="0"/>
      <line num="210" count="1" type="stmt"/>
      <line num="215" count="5" type="stmt"/>
      <line num="216" count="5" type="cond" truecount="2" falsecount="0"/>
      <line num="217" count="1" type="stmt"/>
      <line num="223" count="4" type="stmt"/>
      <line num="225" count="4" type="stmt"/>
      <line num="232" count="4" type="cond" truecount="2" falsecount="0"/>
      <line num="233" count="1" type="stmt"/>
      <line num="234" count="1" type="stmt"/>
      <line num="238" count="3" type="stmt"/>
      <line num="241" count="3" type="stmt"/>
      <line num="259" count="2" type="cond" truecount="2" falsecount="0"/>
      <line num="260" count="1" type="stmt"/>
      <line num="264" count="1" type="stmt"/>
      <line num="271" count="1" type="stmt"/>
      <line num="274" count="2" type="stmt"/>
      <line num="276" count="2" type="stmt"/>
      <line num="292" count="1" type="stmt"/>
      <line num="293" count="1" type="stmt"/>
      <line num="297" count="1" type="stmt"/>
      <line num="298" count="6" type="stmt"/>
      <line num="299" count="6" type="stmt"/>
      <line num="301" count="6" type="cond" truecount="2" falsecount="0"/>
      <line num="302" count="1" type="stmt"/>
      <line num="305" count="5" type="stmt"/>
      <line num="310" count="4" type="cond" truecount="2" falsecount="0"/>
      <line num="311" count="1" type="stmt"/>
      <line num="314" count="3" type="cond" truecount="2" falsecount="0"/>
      <line num="315" count="1" type="stmt"/>
      <line num="321" count="2" type="stmt"/>
      <line num="325" count="2" type="cond" truecount="2" falsecount="0"/>
      <line num="326" count="1" type="stmt"/>
      <line num="327" count="1" type="stmt"/>
      <line num="332" count="1" type="stmt"/>
      <line num="334" count="1" type="stmt"/>
      <line num="341" count="1" type="stmt"/>
      <line num="342" count="1" type="stmt"/>
      <line num="346" count="1" type="stmt"/>
      <line num="347" count="11" type="stmt"/>
      <line num="348" count="11" type="stmt"/>
      <line num="349" count="11" type="stmt"/>
      <line num="351" count="11" type="cond" truecount="2" falsecount="0"/>
      <line num="352" count="1" type="stmt"/>
      <line num="355" count="10" type="cond" truecount="2" falsecount="0"/>
      <line num="356" count="1" type="stmt"/>
      <line num="360" count="9" type="stmt"/>
      <line num="374" count="9" type="cond" truecount="2" falsecount="0"/>
      <line num="375" count="1" type="stmt"/>
      <line num="381" count="8" type="cond" truecount="2" falsecount="0"/>
      <line num="382" count="1" type="stmt"/>
      <line num="388" count="7" type="cond" truecount="2" falsecount="0"/>
      <line num="389" count="1" type="stmt"/>
      <line num="394" count="6" type="stmt"/>
      <line num="395" count="6" type="cond" truecount="2" falsecount="0"/>
      <line num="396" count="1" type="stmt"/>
      <line num="401" count="5" type="stmt"/>
      <line num="402" count="5" type="cond" truecount="2" falsecount="0"/>
      <line num="403" count="1" type="stmt"/>
      <line num="409" count="4" type="stmt"/>
      <line num="412" count="4" type="stmt"/>
      <line num="419" count="4" type="cond" truecount="2" falsecount="0"/>
      <line num="420" count="1" type="stmt"/>
      <line num="421" count="1" type="stmt"/>
      <line num="425" count="3" type="stmt"/>
      <line num="428" count="3" type="stmt"/>
      <line num="447" count="2" type="cond" truecount="2" falsecount="0"/>
      <line num="448" count="1" type="stmt"/>
      <line num="452" count="1" type="stmt"/>
      <line num="459" count="1" type="stmt"/>
      <line num="462" count="2" type="stmt"/>
      <line num="464" count="2" type="stmt"/>
      <line num="483" count="1" type="stmt"/>
      <line num="484" count="1" type="stmt"/>
      <line num="488" count="1" type="stmt"/>
      <line num="489" count="6" type="stmt"/>
      <line num="490" count="6" type="stmt"/>
      <line num="492" count="6" type="cond" truecount="2" falsecount="0"/>
      <line num="493" count="1" type="stmt"/>
      <line num="496" count="5" type="stmt"/>
      <line num="501" count="4" type="cond" truecount="2" falsecount="0"/>
      <line num="502" count="1" type="stmt"/>
      <line num="505" count="3" type="cond" truecount="2" falsecount="0"/>
      <line num="506" count="1" type="stmt"/>
      <line num="512" count="2" type="stmt"/>
      <line num="516" count="2" type="cond" truecount="2" falsecount="0"/>
      <line num="517" count="1" type="stmt"/>
      <line num="518" count="1" type="stmt"/>
      <line num="523" count="1" type="stmt"/>
      <line num="525" count="1" type="stmt"/>
      <line num="532" count="1" type="stmt"/>
      <line num="533" count="1" type="stmt"/>
    </file>
  </project>
</coverage>
