{"C:\\Users\\LEGION\\Desktop\\University\\Year_3\\Semester_1\\Software_Eng\\Project\\backend\\src\\controllers\\profile.controller.ts": {"path":"C:\\Users\\LEGION\\Desktop\\University\\Year_3\\Semester_1\\Software_Eng\\Project\\backend\\src\\controllers\\profile.controller.ts","statementMap":{"0":{"start":{"line":2,"column":0},"end":{"line":2,"column":43}},"1":{"start":{"line":3,"column":0},"end":{"line":3,"column":39}},"2":{"start":{"line":4,"column":0},"end":{"line":4,"column":41}},"3":{"start":{"line":6,"column":36},"end":{"line":115,"column":1}},"4":{"start":{"line":7,"column":4},"end":{"line":114,"column":5}},"5":{"start":{"line":8,"column":23},"end":{"line":8,"column":42}},"6":{"start":{"line":9,"column":21},"end":{"line":9,"column":29}},"7":{"start":{"line":11,"column":8},"end":{"line":13,"column":9}},"8":{"start":{"line":12,"column":12},"end":{"line":12,"column":77}},"9":{"start":{"line":15,"column":8},"end":{"line":17,"column":9}},"10":{"start":{"line":16,"column":12},"end":{"line":16,"column":null}},"11":{"start":{"line":19,"column":28},"end":{"line":19,"column":43}},"12":{"start":{"line":20,"column":8},"end":{"line":24,"column":9}},"13":{"start":{"line":21,"column":12},"end":{"line":23,"column":15}},"14":{"start":{"line":26,"column":29},"end":{"line":26,"column":70}},"15":{"start":{"line":27,"column":8},"end":{"line":31,"column":9}},"16":{"start":{"line":28,"column":12},"end":{"line":30,"column":15}},"17":{"start":{"line":34,"column":25},"end":{"line":34,"column":48}},"18":{"start":{"line":37,"column":57},"end":{"line":43,"column":10}},"19":{"start":{"line":45,"column":8},"end":{"line":48,"column":9}},"20":{"start":{"line":46,"column":12},"end":{"line":46,"column":63}},"21":{"start":{"line":47,"column":12},"end":{"line":47,"column":76}},"22":{"start":{"line":51,"column":34},"end":{"line":53,"column":35}},"23":{"start":{"line":55,"column":30},"end":{"line":55,"column":47}},"24":{"start":{"line":58,"column":28},"end":{"line":73,"column":10}},"25":{"start":{"line":76,"column":8},"end":{"line":91,"column":9}},"26":{"start":{"line":78,"column":12},"end":{"line":80,"column":15}},"27":{"start":{"line":83,"column":12},"end":{"line":88,"column":15}},"28":{"start":{"line":90,"column":12},"end":{"line":90,"column":77}},"29":{"start":{"line":93,"column":8},"end":{"line":93,"column":66}},"30":{"start":{"line":95,"column":8},"end":{"line":109,"column":11}},"31":{"start":{"line":112,"column":8},"end":{"line":112,"column":61}},"32":{"start":{"line":113,"column":8},"end":{"line":113,"column":65}},"33":{"start":{"line":6,"column":13},"end":{"line":6,"column":36}},"34":{"start":{"line":117,"column":36},"end":{"line":182,"column":1}},"35":{"start":{"line":118,"column":4},"end":{"line":181,"column":5}},"36":{"start":{"line":119,"column":23},"end":{"line":119,"column":42}},"37":{"start":{"line":121,"column":8},"end":{"line":123,"column":9}},"38":{"start":{"line":122,"column":12},"end":{"line":122,"column":77}},"39":{"start":{"line":125,"column":21},"end":{"line":128,"column":10}},"40":{"start":{"line":130,"column":8},"end":{"line":132,"column":9}},"41":{"start":{"line":131,"column":12},"end":{"line":131,"column":67}},"42":{"start":{"line":134,"column":8},"end":{"line":138,"column":9}},"43":{"start":{"line":135,"column":12},"end":{"line":137,"column":15}},"44":{"start":{"line":140,"column":25},"end":{"line":140,"column":48}},"45":{"start":{"line":142,"column":38},"end":{"line":144,"column":31}},"46":{"start":{"line":146,"column":8},"end":{"line":158,"column":9}},"47":{"start":{"line":147,"column":12},"end":{"line":147,"column":null}},"48":{"start":{"line":149,"column":12},"end":{"line":153,"column":13}},"49":{"start":{"line":150,"column":16},"end":{"line":152,"column":19}},"50":{"start":{"line":155,"column":12},"end":{"line":157,"column":15}},"51":{"start":{"line":161,"column":28},"end":{"line":171,"column":10}},"52":{"start":{"line":172,"column":8},"end":{"line":172,"column":66}},"53":{"start":{"line":174,"column":8},"end":{"line":177,"column":11}},"54":{"start":{"line":179,"column":8},"end":{"line":179,"column":61}},"55":{"start":{"line":180,"column":8},"end":{"line":180,"column":63}},"56":{"start":{"line":117,"column":13},"end":{"line":117,"column":36}},"57":{"start":{"line":184,"column":31},"end":{"line":295,"column":1}},"58":{"start":{"line":185,"column":4},"end":{"line":294,"column":5}},"59":{"start":{"line":186,"column":23},"end":{"line":186,"column":42}},"60":{"start":{"line":187,"column":21},"end":{"line":187,"column":29}},"61":{"start":{"line":189,"column":8},"end":{"line":191,"column":9}},"62":{"start":{"line":190,"column":12},"end":{"line":190,"column":77}},"63":{"start":{"line":193,"column":8},"end":{"line":195,"column":9}},"64":{"start":{"line":194,"column":12},"end":{"line":194,"column":null}},"65":{"start":{"line":197,"column":29},"end":{"line":200,"column":10}},"66":{"start":{"line":202,"column":8},"end":{"line":206,"column":9}},"67":{"start":{"line":203,"column":12},"end":{"line":205,"column":15}},"68":{"start":{"line":208,"column":28},"end":{"line":208,"column":43}},"69":{"start":{"line":209,"column":8},"end":{"line":213,"column":9}},"70":{"start":{"line":210,"column":12},"end":{"line":212,"column":15}},"71":{"start":{"line":215,"column":29},"end":{"line":215,"column":70}},"72":{"start":{"line":216,"column":8},"end":{"line":220,"column":9}},"73":{"start":{"line":217,"column":12},"end":{"line":219,"column":15}},"74":{"start":{"line":223,"column":25},"end":{"line":223,"column":53}},"75":{"start":{"line":225,"column":57},"end":{"line":230,"column":10}},"76":{"start":{"line":232,"column":8},"end":{"line":235,"column":9}},"77":{"start":{"line":233,"column":12},"end":{"line":233,"column":63}},"78":{"start":{"line":234,"column":12},"end":{"line":234,"column":76}},"79":{"start":{"line":238,"column":26},"end":{"line":238,"column":34}},"80":{"start":{"line":241,"column":28},"end":{"line":256,"column":10}},"81":{"start":{"line":259,"column":8},"end":{"line":272,"column":9}},"82":{"start":{"line":260,"column":12},"end":{"line":262,"column":15}},"83":{"start":{"line":264,"column":12},"end":{"line":269,"column":15}},"84":{"start":{"line":271,"column":12},"end":{"line":271,"column":77}},"85":{"start":{"line":274,"column":8},"end":{"line":274,"column":61}},"86":{"start":{"line":276,"column":8},"end":{"line":289,"column":11}},"87":{"start":{"line":292,"column":8},"end":{"line":292,"column":56}},"88":{"start":{"line":293,"column":8},"end":{"line":293,"column":65}},"89":{"start":{"line":184,"column":13},"end":{"line":184,"column":31}},"90":{"start":{"line":297,"column":28},"end":{"line":344,"column":1}},"91":{"start":{"line":298,"column":4},"end":{"line":343,"column":5}},"92":{"start":{"line":299,"column":23},"end":{"line":299,"column":42}},"93":{"start":{"line":301,"column":8},"end":{"line":303,"column":9}},"94":{"start":{"line":302,"column":12},"end":{"line":302,"column":77}},"95":{"start":{"line":305,"column":21},"end":{"line":308,"column":10}},"96":{"start":{"line":310,"column":8},"end":{"line":312,"column":9}},"97":{"start":{"line":311,"column":12},"end":{"line":311,"column":67}},"98":{"start":{"line":314,"column":8},"end":{"line":318,"column":9}},"99":{"start":{"line":315,"column":12},"end":{"line":317,"column":15}},"100":{"start":{"line":321,"column":63},"end":{"line":323,"column":47}},"101":{"start":{"line":325,"column":8},"end":{"line":330,"column":9}},"102":{"start":{"line":326,"column":12},"end":{"line":326,"column":71}},"103":{"start":{"line":327,"column":12},"end":{"line":329,"column":15}},"104":{"start":{"line":332,"column":8},"end":{"line":332,"column":62}},"105":{"start":{"line":334,"column":8},"end":{"line":338,"column":11}},"106":{"start":{"line":341,"column":8},"end":{"line":341,"column":59}},"107":{"start":{"line":342,"column":8},"end":{"line":342,"column":65}},"108":{"start":{"line":297,"column":13},"end":{"line":297,"column":28}},"109":{"start":{"line":346,"column":36},"end":{"line":486,"column":1}},"110":{"start":{"line":347,"column":4},"end":{"line":485,"column":5}},"111":{"start":{"line":348,"column":23},"end":{"line":348,"column":42}},"112":{"start":{"line":349,"column":21},"end":{"line":349,"column":29}},"113":{"start":{"line":351,"column":8},"end":{"line":353,"column":9}},"114":{"start":{"line":352,"column":12},"end":{"line":352,"column":77}},"115":{"start":{"line":355,"column":8},"end":{"line":357,"column":9}},"116":{"start":{"line":356,"column":12},"end":{"line":356,"column":null}},"117":{"start":{"line":360,"column":29},"end":{"line":371,"column":10}},"118":{"start":{"line":374,"column":8},"end":{"line":378,"column":9}},"119":{"start":{"line":375,"column":12},"end":{"line":377,"column":15}},"120":{"start":{"line":381,"column":8},"end":{"line":385,"column":9}},"121":{"start":{"line":382,"column":12},"end":{"line":384,"column":15}},"122":{"start":{"line":388,"column":8},"end":{"line":392,"column":9}},"123":{"start":{"line":389,"column":12},"end":{"line":391,"column":15}},"124":{"start":{"line":394,"column":28},"end":{"line":394,"column":43}},"125":{"start":{"line":395,"column":8},"end":{"line":399,"column":9}},"126":{"start":{"line":396,"column":12},"end":{"line":398,"column":15}},"127":{"start":{"line":401,"column":29},"end":{"line":401,"column":70}},"128":{"start":{"line":402,"column":8},"end":{"line":406,"column":9}},"129":{"start":{"line":403,"column":12},"end":{"line":405,"column":15}},"130":{"start":{"line":409,"column":25},"end":{"line":409,"column":58}},"131":{"start":{"line":412,"column":57},"end":{"line":417,"column":10}},"132":{"start":{"line":419,"column":8},"end":{"line":422,"column":9}},"133":{"start":{"line":420,"column":12},"end":{"line":420,"column":63}},"134":{"start":{"line":421,"column":12},"end":{"line":421,"column":76}},"135":{"start":{"line":425,"column":31},"end":{"line":425,"column":39}},"136":{"start":{"line":428,"column":30},"end":{"line":444,"column":10}},"137":{"start":{"line":447,"column":8},"end":{"line":460,"column":9}},"138":{"start":{"line":448,"column":12},"end":{"line":450,"column":15}},"139":{"start":{"line":452,"column":12},"end":{"line":457,"column":15}},"140":{"start":{"line":459,"column":12},"end":{"line":459,"column":77}},"141":{"start":{"line":462,"column":8},"end":{"line":462,"column":66}},"142":{"start":{"line":464,"column":8},"end":{"line":480,"column":11}},"143":{"start":{"line":483,"column":8},"end":{"line":483,"column":61}},"144":{"start":{"line":484,"column":8},"end":{"line":484,"column":65}},"145":{"start":{"line":346,"column":13},"end":{"line":346,"column":36}},"146":{"start":{"line":488,"column":33},"end":{"line":535,"column":1}},"147":{"start":{"line":489,"column":4},"end":{"line":534,"column":5}},"148":{"start":{"line":490,"column":23},"end":{"line":490,"column":42}},"149":{"start":{"line":492,"column":8},"end":{"line":494,"column":9}},"150":{"start":{"line":493,"column":12},"end":{"line":493,"column":77}},"151":{"start":{"line":496,"column":23},"end":{"line":499,"column":10}},"152":{"start":{"line":501,"column":8},"end":{"line":503,"column":9}},"153":{"start":{"line":502,"column":12},"end":{"line":502,"column":73}},"154":{"start":{"line":505,"column":8},"end":{"line":509,"column":9}},"155":{"start":{"line":506,"column":12},"end":{"line":508,"column":15}},"156":{"start":{"line":512,"column":63},"end":{"line":514,"column":54}},"157":{"start":{"line":516,"column":8},"end":{"line":521,"column":9}},"158":{"start":{"line":517,"column":12},"end":{"line":517,"column":71}},"159":{"start":{"line":518,"column":12},"end":{"line":520,"column":15}},"160":{"start":{"line":523,"column":8},"end":{"line":523,"column":67}},"161":{"start":{"line":525,"column":8},"end":{"line":529,"column":11}},"162":{"start":{"line":532,"column":8},"end":{"line":532,"column":64}},"163":{"start":{"line":533,"column":8},"end":{"line":533,"column":65}},"164":{"start":{"line":488,"column":13},"end":{"line":488,"column":33}}},"fnMap":{"0":{"name":"(anonymous_0)","decl":{"start":{"line":6,"column":36},"end":{"line":6,"column":41}},"loc":{"start":{"line":6,"column":74},"end":{"line":115,"column":1}}},"1":{"name":"(anonymous_1)","decl":{"start":{"line":117,"column":36},"end":{"line":117,"column":41}},"loc":{"start":{"line":117,"column":74},"end":{"line":182,"column":1}}},"2":{"name":"(anonymous_2)","decl":{"start":{"line":184,"column":31},"end":{"line":184,"column":36}},"loc":{"start":{"line":184,"column":69},"end":{"line":295,"column":1}}},"3":{"name":"(anonymous_3)","decl":{"start":{"line":297,"column":28},"end":{"line":297,"column":33}},"loc":{"start":{"line":297,"column":66},"end":{"line":344,"column":1}}},"4":{"name":"(anonymous_4)","decl":{"start":{"line":346,"column":36},"end":{"line":346,"column":41}},"loc":{"start":{"line":346,"column":74},"end":{"line":486,"column":1}}},"5":{"name":"(anonymous_5)","decl":{"start":{"line":488,"column":33},"end":{"line":488,"column":38}},"loc":{"start":{"line":488,"column":71},"end":{"line":535,"column":1}}}},"branchMap":{"0":{"loc":{"start":{"line":11,"column":8},"end":{"line":13,"column":9}},"type":"if","locations":[{"start":{"line":11,"column":8},"end":{"line":13,"column":9}},{"start":{},"end":{}}]},"1":{"loc":{"start":{"line":15,"column":8},"end":{"line":17,"column":9}},"type":"if","locations":[{"start":{"line":15,"column":8},"end":{"line":17,"column":9}},{"start":{},"end":{}}]},"2":{"loc":{"start":{"line":20,"column":8},"end":{"line":24,"column":9}},"type":"if","locations":[{"start":{"line":20,"column":8},"end":{"line":24,"column":9}},{"start":{},"end":{}}]},"3":{"loc":{"start":{"line":27,"column":8},"end":{"line":31,"column":9}},"type":"if","locations":[{"start":{"line":27,"column":8},"end":{"line":31,"column":9}},{"start":{},"end":{}}]},"4":{"loc":{"start":{"line":45,"column":8},"end":{"line":48,"column":9}},"type":"if","locations":[{"start":{"line":45,"column":8},"end":{"line":48,"column":9}},{"start":{},"end":{}}]},"5":{"loc":{"start":{"line":76,"column":8},"end":{"line":91,"column":9}},"type":"if","locations":[{"start":{"line":76,"column":8},"end":{"line":91,"column":9}},{"start":{},"end":{}}]},"6":{"loc":{"start":{"line":105,"column":16},"end":{"line":108,"column":14}},"type":"binary-expr","locations":[{"start":{"line":105,"column":16},"end":{"line":105,"column":51}},{"start":{"line":105,"column":55},"end":{"line":108,"column":14}}]},"7":{"loc":{"start":{"line":121,"column":8},"end":{"line":123,"column":9}},"type":"if","locations":[{"start":{"line":121,"column":8},"end":{"line":123,"column":9}},{"start":{},"end":{}}]},"8":{"loc":{"start":{"line":130,"column":8},"end":{"line":132,"column":9}},"type":"if","locations":[{"start":{"line":130,"column":8},"end":{"line":132,"column":9}},{"start":{},"end":{}}]},"9":{"loc":{"start":{"line":134,"column":8},"end":{"line":138,"column":9}},"type":"if","locations":[{"start":{"line":134,"column":8},"end":{"line":138,"column":9}},{"start":{},"end":{}}]},"10":{"loc":{"start":{"line":146,"column":8},"end":{"line":158,"column":9}},"type":"if","locations":[{"start":{"line":146,"column":8},"end":{"line":158,"column":9}},{"start":{},"end":{}}]},"11":{"loc":{"start":{"line":149,"column":12},"end":{"line":153,"column":13}},"type":"if","locations":[{"start":{"line":149,"column":12},"end":{"line":153,"column":13}},{"start":{},"end":{}}]},"12":{"loc":{"start":{"line":149,"column":15},"end":{"line":149,"column":108}},"type":"binary-expr","locations":[{"start":{"line":149,"column":15},"end":{"line":149,"column":57}},{"start":{"line":149,"column":61},"end":{"line":149,"column":108}}]},"13":{"loc":{"start":{"line":189,"column":8},"end":{"line":191,"column":9}},"type":"if","locations":[{"start":{"line":189,"column":8},"end":{"line":191,"column":9}},{"start":{},"end":{}}]},"14":{"loc":{"start":{"line":193,"column":8},"end":{"line":195,"column":9}},"type":"if","locations":[{"start":{"line":193,"column":8},"end":{"line":195,"column":9}},{"start":{},"end":{}}]},"15":{"loc":{"start":{"line":202,"column":8},"end":{"line":206,"column":9}},"type":"if","locations":[{"start":{"line":202,"column":8},"end":{"line":206,"column":9}},{"start":{},"end":{}}]},"16":{"loc":{"start":{"line":209,"column":8},"end":{"line":213,"column":9}},"type":"if","locations":[{"start":{"line":209,"column":8},"end":{"line":213,"column":9}},{"start":{},"end":{}}]},"17":{"loc":{"start":{"line":216,"column":8},"end":{"line":220,"column":9}},"type":"if","locations":[{"start":{"line":216,"column":8},"end":{"line":220,"column":9}},{"start":{},"end":{}}]},"18":{"loc":{"start":{"line":232,"column":8},"end":{"line":235,"column":9}},"type":"if","locations":[{"start":{"line":232,"column":8},"end":{"line":235,"column":9}},{"start":{},"end":{}}]},"19":{"loc":{"start":{"line":259,"column":8},"end":{"line":272,"column":9}},"type":"if","locations":[{"start":{"line":259,"column":8},"end":{"line":272,"column":9}},{"start":{},"end":{}}]},"20":{"loc":{"start":{"line":285,"column":16},"end":{"line":288,"column":14}},"type":"binary-expr","locations":[{"start":{"line":285,"column":16},"end":{"line":285,"column":51}},{"start":{"line":285,"column":55},"end":{"line":288,"column":14}}]},"21":{"loc":{"start":{"line":301,"column":8},"end":{"line":303,"column":9}},"type":"if","locations":[{"start":{"line":301,"column":8},"end":{"line":303,"column":9}},{"start":{},"end":{}}]},"22":{"loc":{"start":{"line":310,"column":8},"end":{"line":312,"column":9}},"type":"if","locations":[{"start":{"line":310,"column":8},"end":{"line":312,"column":9}},{"start":{},"end":{}}]},"23":{"loc":{"start":{"line":314,"column":8},"end":{"line":318,"column":9}},"type":"if","locations":[{"start":{"line":314,"column":8},"end":{"line":318,"column":9}},{"start":{},"end":{}}]},"24":{"loc":{"start":{"line":325,"column":8},"end":{"line":330,"column":9}},"type":"if","locations":[{"start":{"line":325,"column":8},"end":{"line":330,"column":9}},{"start":{},"end":{}}]},"25":{"loc":{"start":{"line":351,"column":8},"end":{"line":353,"column":9}},"type":"if","locations":[{"start":{"line":351,"column":8},"end":{"line":353,"column":9}},{"start":{},"end":{}}]},"26":{"loc":{"start":{"line":355,"column":8},"end":{"line":357,"column":9}},"type":"if","locations":[{"start":{"line":355,"column":8},"end":{"line":357,"column":9}},{"start":{},"end":{}}]},"27":{"loc":{"start":{"line":374,"column":8},"end":{"line":378,"column":9}},"type":"if","locations":[{"start":{"line":374,"column":8},"end":{"line":378,"column":9}},{"start":{},"end":{}}]},"28":{"loc":{"start":{"line":381,"column":8},"end":{"line":385,"column":9}},"type":"if","locations":[{"start":{"line":381,"column":8},"end":{"line":385,"column":9}},{"start":{},"end":{}}]},"29":{"loc":{"start":{"line":388,"column":8},"end":{"line":392,"column":9}},"type":"if","locations":[{"start":{"line":388,"column":8},"end":{"line":392,"column":9}},{"start":{},"end":{}}]},"30":{"loc":{"start":{"line":395,"column":8},"end":{"line":399,"column":9}},"type":"if","locations":[{"start":{"line":395,"column":8},"end":{"line":399,"column":9}},{"start":{},"end":{}}]},"31":{"loc":{"start":{"line":402,"column":8},"end":{"line":406,"column":9}},"type":"if","locations":[{"start":{"line":402,"column":8},"end":{"line":406,"column":9}},{"start":{},"end":{}}]},"32":{"loc":{"start":{"line":419,"column":8},"end":{"line":422,"column":9}},"type":"if","locations":[{"start":{"line":419,"column":8},"end":{"line":422,"column":9}},{"start":{},"end":{}}]},"33":{"loc":{"start":{"line":447,"column":8},"end":{"line":460,"column":9}},"type":"if","locations":[{"start":{"line":447,"column":8},"end":{"line":460,"column":9}},{"start":{},"end":{}}]},"34":{"loc":{"start":{"line":476,"column":16},"end":{"line":479,"column":14}},"type":"binary-expr","locations":[{"start":{"line":476,"column":16},"end":{"line":476,"column":45}},{"start":{"line":476,"column":49},"end":{"line":479,"column":14}}]},"35":{"loc":{"start":{"line":492,"column":8},"end":{"line":494,"column":9}},"type":"if","locations":[{"start":{"line":492,"column":8},"end":{"line":494,"column":9}},{"start":{},"end":{}}]},"36":{"loc":{"start":{"line":501,"column":8},"end":{"line":503,"column":9}},"type":"if","locations":[{"start":{"line":501,"column":8},"end":{"line":503,"column":9}},{"start":{},"end":{}}]},"37":{"loc":{"start":{"line":505,"column":8},"end":{"line":509,"column":9}},"type":"if","locations":[{"start":{"line":505,"column":8},"end":{"line":509,"column":9}},{"start":{},"end":{}}]},"38":{"loc":{"start":{"line":516,"column":8},"end":{"line":521,"column":9}},"type":"if","locations":[{"start":{"line":516,"column":8},"end":{"line":521,"column":9}},{"start":{},"end":{}}]}},"s":{"0":1,"1":1,"2":1,"3":1,"4":8,"5":8,"6":8,"7":8,"8":1,"9":7,"10":1,"11":6,"12":6,"13":1,"14":5,"15":5,"16":1,"17":4,"18":4,"19":4,"20":1,"21":1,"22":3,"23":3,"24":3,"25":2,"26":1,"27":1,"28":1,"29":2,"30":2,"31":1,"32":1,"33":1,"34":1,"35":7,"36":7,"37":7,"38":1,"39":6,"40":6,"41":1,"42":5,"43":1,"44":4,"45":4,"46":4,"47":2,"48":2,"49":1,"50":1,"51":2,"52":1,"53":1,"54":1,"55":1,"56":1,"57":1,"58":9,"59":9,"60":9,"61":9,"62":1,"63":8,"64":1,"65":7,"66":7,"67":1,"68":6,"69":6,"70":1,"71":5,"72":5,"73":1,"74":4,"75":4,"76":4,"77":1,"78":1,"79":3,"80":3,"81":2,"82":1,"83":1,"84":1,"85":2,"86":2,"87":1,"88":1,"89":1,"90":1,"91":6,"92":6,"93":6,"94":1,"95":5,"96":4,"97":1,"98":3,"99":1,"100":2,"101":2,"102":1,"103":1,"104":1,"105":1,"106":1,"107":1,"108":1,"109":1,"110":11,"111":11,"112":11,"113":11,"114":1,"115":10,"116":1,"117":9,"118":9,"119":1,"120":8,"121":1,"122":7,"123":1,"124":6,"125":6,"126":1,"127":5,"128":5,"129":1,"130":4,"131":4,"132":4,"133":1,"134":1,"135":3,"136":3,"137":2,"138":1,"139":1,"140":1,"141":2,"142":2,"143":1,"144":1,"145":1,"146":1,"147":6,"148":6,"149":6,"150":1,"151":5,"152":4,"153":1,"154":3,"155":1,"156":2,"157":2,"158":1,"159":1,"160":1,"161":1,"162":1,"163":1,"164":1},"f":{"0":8,"1":7,"2":9,"3":6,"4":11,"5":6},"b":{"0":[1,7],"1":[1,6],"2":[1,5],"3":[1,4],"4":[1,3],"5":[1,1],"6":[2,1],"7":[1,6],"8":[1,5],"9":[1,4],"10":[2,2],"11":[1,1],"12":[2,1],"13":[1,8],"14":[1,7],"15":[1,6],"16":[1,5],"17":[1,4],"18":[1,3],"19":[1,1],"20":[2,1],"21":[1,5],"22":[1,3],"23":[1,2],"24":[1,1],"25":[1,10],"26":[1,9],"27":[1,8],"28":[1,7],"29":[1,6],"30":[1,5],"31":[1,4],"32":[1,3],"33":[1,1],"34":[2,1],"35":[1,5],"36":[1,3],"37":[1,2],"38":[1,1]}}
}
