TN:
SF:src\controllers\profile.controller.ts
FN:6,(anonymous_0)
FN:117,(anonymous_1)
FN:184,(anonymous_2)
FN:297,(anonymous_3)
FN:346,(anonymous_4)
FN:488,(anonymous_5)
FNF:6
FNH:6
FNDA:8,(anonymous_0)
FNDA:7,(anonymous_1)
FNDA:9,(anonymous_2)
FNDA:6,(anonymous_3)
FNDA:11,(anonymous_4)
FNDA:6,(anonymous_5)
DA:2,1
DA:3,1
DA:4,1
DA:6,1
DA:7,8
DA:8,8
DA:9,8
DA:11,8
DA:12,1
DA:15,7
DA:16,1
DA:19,6
DA:20,6
DA:21,1
DA:26,5
DA:27,5
DA:28,1
DA:34,4
DA:37,4
DA:45,4
DA:46,1
DA:47,1
DA:51,3
DA:55,3
DA:58,3
DA:76,2
DA:78,1
DA:83,1
DA:90,1
DA:93,2
DA:95,2
DA:112,1
DA:113,1
DA:117,1
DA:118,7
DA:119,7
DA:121,7
DA:122,1
DA:125,6
DA:130,6
DA:131,1
DA:134,5
DA:135,1
DA:140,4
DA:142,4
DA:146,4
DA:147,2
DA:149,2
DA:150,1
DA:155,1
DA:161,2
DA:172,1
DA:174,1
DA:179,1
DA:180,1
DA:184,1
DA:185,9
DA:186,9
DA:187,9
DA:189,9
DA:190,1
DA:193,8
DA:194,1
DA:197,7
DA:202,7
DA:203,1
DA:208,6
DA:209,6
DA:210,1
DA:215,5
DA:216,5
DA:217,1
DA:223,4
DA:225,4
DA:232,4
DA:233,1
DA:234,1
DA:238,3
DA:241,3
DA:259,2
DA:260,1
DA:264,1
DA:271,1
DA:274,2
DA:276,2
DA:292,1
DA:293,1
DA:297,1
DA:298,6
DA:299,6
DA:301,6
DA:302,1
DA:305,5
DA:310,4
DA:311,1
DA:314,3
DA:315,1
DA:321,2
DA:325,2
DA:326,1
DA:327,1
DA:332,1
DA:334,1
DA:341,1
DA:342,1
DA:346,1
DA:347,11
DA:348,11
DA:349,11
DA:351,11
DA:352,1
DA:355,10
DA:356,1
DA:360,9
DA:374,9
DA:375,1
DA:381,8
DA:382,1
DA:388,7
DA:389,1
DA:394,6
DA:395,6
DA:396,1
DA:401,5
DA:402,5
DA:403,1
DA:409,4
DA:412,4
DA:419,4
DA:420,1
DA:421,1
DA:425,3
DA:428,3
DA:447,2
DA:448,1
DA:452,1
DA:459,1
DA:462,2
DA:464,2
DA:483,1
DA:484,1
DA:488,1
DA:489,6
DA:490,6
DA:492,6
DA:493,1
DA:496,5
DA:501,4
DA:502,1
DA:505,3
DA:506,1
DA:512,2
DA:516,2
DA:517,1
DA:518,1
DA:523,1
DA:525,1
DA:532,1
DA:533,1
LF:159
LH:159
BRDA:11,0,0,1
BRDA:11,0,1,7
BRDA:15,1,0,1
BRDA:15,1,1,6
BRDA:20,2,0,1
BRDA:20,2,1,5
BRDA:27,3,0,1
BRDA:27,3,1,4
BRDA:45,4,0,1
BRDA:45,4,1,3
BRDA:76,5,0,1
BRDA:76,5,1,1
BRDA:105,6,0,2
BRDA:105,6,1,1
BRDA:121,7,0,1
BRDA:121,7,1,6
BRDA:130,8,0,1
BRDA:130,8,1,5
BRDA:134,9,0,1
BRDA:134,9,1,4
BRDA:146,10,0,2
BRDA:146,10,1,2
BRDA:149,11,0,1
BRDA:149,11,1,1
BRDA:149,12,0,2
BRDA:149,12,1,1
BRDA:189,13,0,1
BRDA:189,13,1,8
BRDA:193,14,0,1
BRDA:193,14,1,7
BRDA:202,15,0,1
BRDA:202,15,1,6
BRDA:209,16,0,1
BRDA:209,16,1,5
BRDA:216,17,0,1
BRDA:216,17,1,4
BRDA:232,18,0,1
BRDA:232,18,1,3
BRDA:259,19,0,1
BRDA:259,19,1,1
BRDA:285,20,0,2
BRDA:285,20,1,1
BRDA:301,21,0,1
BRDA:301,21,1,5
BRDA:310,22,0,1
BRDA:310,22,1,3
BRDA:314,23,0,1
BRDA:314,23,1,2
BRDA:325,24,0,1
BRDA:325,24,1,1
BRDA:351,25,0,1
BRDA:351,25,1,10
BRDA:355,26,0,1
BRDA:355,26,1,9
BRDA:374,27,0,1
BRDA:374,27,1,8
BRDA:381,28,0,1
BRDA:381,28,1,7
BRDA:388,29,0,1
BRDA:388,29,1,6
BRDA:395,30,0,1
BRDA:395,30,1,5
BRDA:402,31,0,1
BRDA:402,31,1,4
BRDA:419,32,0,1
BRDA:419,32,1,3
BRDA:447,33,0,1
BRDA:447,33,1,1
BRDA:476,34,0,2
BRDA:476,34,1,1
BRDA:492,35,0,1
BRDA:492,35,1,5
BRDA:501,36,0,1
BRDA:501,36,1,3
BRDA:505,37,0,1
BRDA:505,37,1,2
BRDA:516,38,0,1
BRDA:516,38,1,1
BRF:78
BRH:78
end_of_record
